Flow report for ex1
Fri Oct 27 16:25:36 2023
Quartus Prime Version 19.1.0 Build 670 09/22/2019 SJ Lite Edition


---------------------
; Table of Contents ;
---------------------
  1. Legal Notice
  2. Flow Summary
  3. Flow Settings
  4. Flow Non-Default Global Settings
  5. Flow Elapsed Time
  6. Flow OS Summary
  7. Flow Log
  8. Flow Messages
  9. Flow Suppressed Messages



----------------
; Legal Notice ;
----------------
Copyright (C) 2019  Intel Corporation. All rights reserved.
Your use of Intel Corporation's design tools, logic functions 
and other software and tools, and any partner logic 
functions, and any output files from any of the foregoing 
(including device programming or simulation files), and any 
associated documentation or information are expressly subject 
to the terms and conditions of the Intel Program License 
Subscription Agreement, the Intel Quartus Prime License Agreement,
the Intel FPGA IP License Agreement, or other applicable license
agreement, including, without limitation, that your use is for
the sole purpose of programming logic devices manufactured by
Intel and sold by Intel or its authorized distributors.  Please
refer to the applicable agreement for further details, at
https://fpgasoftware.intel.com/eula.



+----------------------------------------------------------------------------------+
; Flow Summary                                                                     ;
+------------------------------------+---------------------------------------------+
; Flow Status                        ; Successful - Fri Oct 27 16:25:25 2023       ;
; Quartus Prime Version              ; 19.1.0 Build 670 09/22/2019 SJ Lite Edition ;
; Revision Name                      ; ex1                                         ;
; Top-level Entity Name              ; MaqMuler_Vinicius_Ecard                     ;
; Family                             ; Cyclone IV E                                ;
; Device                             ; EP4CE115F29C7                               ;
; Timing Models                      ; Final                                       ;
; Total logic elements               ; 94 / 114,480 ( < 1 % )                      ;
;     Total combinational functions  ; 69 / 114,480 ( < 1 % )                      ;
;     Dedicated logic registers      ; 30 / 114,480 ( < 1 % )                      ;
; Total registers                    ; 30                                          ;
; Total pins                         ; 11 / 529 ( 2 % )                            ;
; Total virtual pins                 ; 0                                           ;
; Total memory bits                  ; 0 / 3,981,312 ( 0 % )                       ;
; Embedded Multiplier 9-bit elements ; 0 / 532 ( 0 % )                             ;
; Total PLLs                         ; 0 / 4 ( 0 % )                               ;
+------------------------------------+---------------------------------------------+


+-----------------------------------------+
; Flow Settings                           ;
+-------------------+---------------------+
; Option            ; Setting             ;
+-------------------+---------------------+
; Start date & time ; 10/27/2023 16:24:43 ;
; Main task         ; Compilation         ;
; Revision Name     ; ex1                 ;
+-------------------+---------------------+


+-------------------------------------------------------------------------------------------------------------------------------------+
; Flow Non-Default Global Settings                                                                                                    ;
+-------------------------------------+----------------------------------------+---------------+-------------------------+------------+
; Assignment Name                     ; Value                                  ; Default Value ; Entity Name             ; Section Id ;
+-------------------------------------+----------------------------------------+---------------+-------------------------+------------+
; COMPILER_SIGNATURE_ID               ; 35201820289480.169843468317272         ; --            ; --                      ; --         ;
; MAX_CORE_JUNCTION_TEMP              ; 85                                     ; --            ; --                      ; --         ;
; MIN_CORE_JUNCTION_TEMP              ; 0                                      ; --            ; --                      ; --         ;
; NOMINAL_CORE_SUPPLY_VOLTAGE         ; 1.2V                                   ; --            ; --                      ; --         ;
; OUTPUT_IO_TIMING_FAR_END_VMEAS      ; Half Signal Swing                      ; --            ; --                      ; --         ;
; OUTPUT_IO_TIMING_FAR_END_VMEAS      ; Half Signal Swing                      ; --            ; --                      ; --         ;
; OUTPUT_IO_TIMING_NEAR_END_VMEAS     ; Half Vccio                             ; --            ; --                      ; --         ;
; OUTPUT_IO_TIMING_NEAR_END_VMEAS     ; Half Vccio                             ; --            ; --                      ; --         ;
; PARTITION_COLOR                     ; -- (Not supported for targeted family) ; --            ; MaqMuler_Vinicius_Ecard ; Top        ;
; PARTITION_FITTER_PRESERVATION_LEVEL ; -- (Not supported for targeted family) ; --            ; MaqMuler_Vinicius_Ecard ; Top        ;
; PARTITION_NETLIST_TYPE              ; -- (Not supported for targeted family) ; --            ; MaqMuler_Vinicius_Ecard ; Top        ;
; POWER_BOARD_THERMAL_MODEL           ; None (CONSERVATIVE)                    ; --            ; --                      ; --         ;
; POWER_PRESET_COOLING_SOLUTION       ; 23 MM HEAT SINK WITH 200 LFPM AIRFLOW  ; --            ; --                      ; --         ;
; PROJECT_OUTPUT_DIRECTORY            ; output_files                           ; --            ; --                      ; --         ;
; TOP_LEVEL_ENTITY                    ; MaqMuler_Vinicius_Ecard                ; ex1           ; --                      ; --         ;
+-------------------------------------+----------------------------------------+---------------+-------------------------+------------+


+--------------------------------------------------------------------------------------------------------------------------+
; Flow Elapsed Time                                                                                                        ;
+----------------------+--------------+-------------------------+---------------------+------------------------------------+
; Module Name          ; Elapsed Time ; Average Processors Used ; Peak Virtual Memory ; Total CPU Time (on all processors) ;
+----------------------+--------------+-------------------------+---------------------+------------------------------------+
; Analysis & Synthesis ; 00:00:14     ; 1.0                     ; 4738 MB             ; 00:00:30                           ;
; Fitter               ; 00:00:22     ; 1.0                     ; 5434 MB             ; 00:00:32                           ;
; Assembler            ; 00:00:04     ; 1.0                     ; 4689 MB             ; 00:00:04                           ;
; Timing Analyzer      ; 00:00:10     ; 1.0                     ; 4823 MB             ; 00:00:10                           ;
; Total                ; 00:00:50     ; --                      ; --                  ; 00:01:16                           ;
+----------------------+--------------+-------------------------+---------------------+------------------------------------+


+------------------------------------------------------------------------------------+
; Flow OS Summary                                                                    ;
+----------------------+------------------+------------+------------+----------------+
; Module Name          ; Machine Hostname ; OS Name    ; OS Version ; Processor type ;
+----------------------+------------------+------------+------------+----------------+
; Analysis & Synthesis ; DESKTOP-9S9OV7M  ; Windows 10 ; 10.0       ; x86_64         ;
; Fitter               ; DESKTOP-9S9OV7M  ; Windows 10 ; 10.0       ; x86_64         ;
; Assembler            ; DESKTOP-9S9OV7M  ; Windows 10 ; 10.0       ; x86_64         ;
; Timing Analyzer      ; DESKTOP-9S9OV7M  ; Windows 10 ; 10.0       ; x86_64         ;
+----------------------+------------------+------------+------------+----------------+


------------
; Flow Log ;
------------
quartus_map --read_settings_files=on --write_settings_files=off MaqMuler_Vinicius_Ecard -c ex1
quartus_fit --read_settings_files=off --write_settings_files=off MaqMuler_Vinicius_Ecard -c ex1
quartus_asm --read_settings_files=off --write_settings_files=off MaqMuler_Vinicius_Ecard -c ex1
quartus_sta MaqMuler_Vinicius_Ecard -c ex1



