Archive Project report for ex1
Fri Oct 27 23:18:49 2023
Quartus Prime Version 19.1.0 Build 670 09/22/2019 SJ Lite Edition


---------------------
; Table of Contents ;
---------------------
  1. Legal Notice
  2. Archive Project Summary
  3. Archive Project Messages
  4. Files Archived



----------------
; Legal Notice ;
----------------
Copyright (C) 2019  Intel Corporation. All rights reserved.
Your use of Intel Corporation's design tools, logic functions 
and other software and tools, and any partner logic 
functions, and any output files from any of the foregoing 
(including device programming or simulation files), and any 
associated documentation or information are expressly subject 
to the terms and conditions of the Intel Program License 
Subscription Agreement, the Intel Quartus Prime License Agreement,
the Intel FPGA IP License Agreement, or other applicable license
agreement, including, without limitation, that your use is for
the sole purpose of programming logic devices manufactured by
Intel and sold by Intel or its authorized distributors.  Please
refer to the applicable agreement for further details, at
https://fpgasoftware.intel.com/eula.



+----------------------------------------------------------------+
; Archive Project Summary                                        ;
+------------------------+---------------------------------------+
; Archive Project Status ; Successful - Fri Oct 27 23:18:49 2023 ;
; Revision Name          ; ex1                                   ;
; Top-level Entity Name  ; MaqMuler_Vinicius_Ecard               ;
; Family                 ; Cyclone IV E                          ;
+------------------------+---------------------------------------+


+--------------------------+
; Archive Project Messages ;
+--------------------------+
Info: File Set 'Source control' contains:
    Info: Project source and settings files
    Info: Automatically detected source files
Warning: Hierarchical Platform Designer systems and custom IP components(_hw.tcl and associated files) are not archived by the Quartus Archiver
Info: Archive will store files relative to the closest common parent directory
Info (13213): Using common directory C:/Users/viny_/OneDrive/Documents/UNIFESP/Laboratório de Circuitos Digitais/Maquina Miler/ex1_restored/
Info: ----------------------------------------------------------
Info: ----------------------------------------------------------
Info: Generated archive 'C:/Users/viny_/OneDrive/Documents/UNIFESP/Laboratório de Circuitos Digitais/Maquina Miler/ex1_restored/MaqMuler_Vinicius_Ecard.qar'
Info: ----------------------------------------------------------
Info: ----------------------------------------------------------
Info: Generated report 'ex1.archive.rpt'
Info (23030): Evaluation of Tcl script c:/intelfpga_lite/19.1/quartus/common/tcl/apps/qpm/qar.tcl was successful
Info: Quartus Prime Shell was successful. 0 errors, 1 warning
    Info: Peak virtual memory: 4826 megabytes
    Info: Processing ended: Fri Oct 27 23:18:49 2023
    Info: Elapsed time: 00:00:03
    Info: Total CPU time (on all processors): 00:00:02


+------------------------------------------------------------------------------------------------------------------------------------+
; Files Archived                                                                                                                     ;
+------------------------------------------------------------------------------------------------------------------------------------+
; File Name                                                                                                                          ;
+------------------------------------------------------------------------------------------------------------------------------------+
; assignment_defaults.qdf                                                                                                            ;
; C:/Users/viny_/OneDrive/Documents/UNIFESP/Laboratório de Circuitos Digitais/Maquina Miler/ex1_restored/decodificador_bcd.bdf       ;
; C:/Users/viny_/OneDrive/Documents/UNIFESP/Laboratório de Circuitos Digitais/Maquina Miler/ex1_restored/divisor.bdf                 ;
; C:/Users/viny_/OneDrive/Documents/UNIFESP/Laboratório de Circuitos Digitais/Maquina Miler/ex1_restored/entrada.bdf                 ;
; C:/Users/viny_/OneDrive/Documents/UNIFESP/Laboratório de Circuitos Digitais/Maquina Miler/ex1_restored/ex1.bdf                     ;
; C:/Users/viny_/OneDrive/Documents/UNIFESP/Laboratório de Circuitos Digitais/Maquina Miler/ex1_restored/MaqMuler_Vinicius_Ecard.bdf ;
; C:/Users/viny_/OneDrive/Documents/UNIFESP/Laboratório de Circuitos Digitais/Maquina Miler/ex1_restored/Registrador.bdf             ;
; C:/Users/viny_/OneDrive/Documents/UNIFESP/Laboratório de Circuitos Digitais/Maquina Miler/ex1_restored/s0.bdf                      ;
; C:/Users/viny_/OneDrive/Documents/UNIFESP/Laboratório de Circuitos Digitais/Maquina Miler/ex1_restored/saida.bdf                   ;
; entrada.bdf                                                                                                                        ;
; ex1.bdf                                                                                                                            ;
; ex1.qsf                                                                                                                            ;
; MaqMuler_Vinicius_Ecard.bdf                                                                                                        ;
; MaqMuler_Vinicius_Ecard.qpf                                                                                                        ;
; Registrador.bdf                                                                                                                    ;
; s0.bdf                                                                                                                             ;
; saida.bdf                                                                                                                          ;
+------------------------------------------------------------------------------------------------------------------------------------+


