Assembler report for contadorautom
Fri Sep 22 20:08:02 2023
Quartus Prime Version 19.1.0 Build 670 09/22/2019 SJ Lite Edition


---------------------
; Table of Contents ;
---------------------
  1. Legal Notice
  2. Assembler Summary
  3. Assembler Settings
  4. Assembler Generated Files
  5. Assembler Device Options: C:/Users/viny_/OneDrive/Documents/UNIFESP/Laboratório de Circuitos Digitais/CONTADOR AUTOM COM SELEÇÃO/contadorcomsel_restored/output_files/contadorautom.sof
  6. Assembler Messages



----------------
; Legal Notice ;
----------------
Copyright (C) 2019  Intel Corporation. All rights reserved.
Your use of Intel Corporation's design tools, logic functions 
and other software and tools, and any partner logic 
functions, and any output files from any of the foregoing 
(including device programming or simulation files), and any 
associated documentation or information are expressly subject 
to the terms and conditions of the Intel Program License 
Subscription Agreement, the Intel Quartus Prime License Agreement,
the Intel FPGA IP License Agreement, or other applicable license
agreement, including, without limitation, that your use is for
the sole purpose of programming logic devices manufactured by
Intel and sold by Intel or its authorized distributors.  Please
refer to the applicable agreement for further details, at
https://fpgasoftware.intel.com/eula.



+---------------------------------------------------------------+
; Assembler Summary                                             ;
+-----------------------+---------------------------------------+
; Assembler Status      ; Successful - Fri Sep 22 20:08:02 2023 ;
; Revision Name         ; contadorautom                         ;
; Top-level Entity Name ; contadorautom                         ;
; Family                ; Cyclone IV E                          ;
; Device                ; EP4CE115F29C7                         ;
+-----------------------+---------------------------------------+


+----------------------------------+
; Assembler Settings               ;
+--------+---------+---------------+
; Option ; Setting ; Default Value ;
+--------+---------+---------------+


+---------------------------------------------------------------------------------------------------------------------------------------------------------------+
; Assembler Generated Files                                                                                                                                     ;
+---------------------------------------------------------------------------------------------------------------------------------------------------------------+
; File Name                                                                                                                                                     ;
+---------------------------------------------------------------------------------------------------------------------------------------------------------------+
; C:/Users/viny_/OneDrive/Documents/UNIFESP/Laboratório de Circuitos Digitais/CONTADOR AUTOM COM SELEÇÃO/contadorcomsel_restored/output_files/contadorautom.sof ;
+---------------------------------------------------------------------------------------------------------------------------------------------------------------+


+-----------------------------------------------------------------------------------------------------------------------------------------------------------------------------------------+
; Assembler Device Options: C:/Users/viny_/OneDrive/Documents/UNIFESP/Laboratório de Circuitos Digitais/CONTADOR AUTOM COM SELEÇÃO/contadorcomsel_restored/output_files/contadorautom.sof ;
+----------------+------------------------------------------------------------------------------------------------------------------------------------------------------------------------+
; Option         ; Setting                                                                                                                                                                ;
+----------------+------------------------------------------------------------------------------------------------------------------------------------------------------------------------+
; JTAG usercode  ; 0x0058205B                                                                                                                                                             ;
; Checksum       ; 0x0058205B                                                                                                                                                             ;
+----------------+------------------------------------------------------------------------------------------------------------------------------------------------------------------------+


+--------------------+
; Assembler Messages ;
+--------------------+
Info: *******************************************************************
Info: Running Quartus Prime Assembler
    Info: Version 19.1.0 Build 670 09/22/2019 SJ Lite Edition
    Info: Processing started: Fri Sep 22 20:07:56 2023
Info: Command: quartus_asm --read_settings_files=off --write_settings_files=off contadorautom -c contadorautom
Warning (18236): Number of processors has not been specified which may cause overloading on shared machines.  Set the global assignment NUM_PARALLEL_PROCESSORS in your QSF to an appropriate value for best performance.
Info (115031): Writing out detailed assembly data for power analysis
Info (115030): Assembler is generating device programming files
Info: Quartus Prime Assembler was successful. 0 errors, 1 warning
    Info: Peak virtual memory: 4689 megabytes
    Info: Processing ended: Fri Sep 22 20:08:02 2023
    Info: Elapsed time: 00:00:06
    Info: Total CPU time (on all processors): 00:00:06


