Archive Project report for mealy
Fri Dec 15 18:27:08 2023
Quartus Prime Version 19.1.0 Build 670 09/22/2019 SJ Lite Edition


---------------------
; Table of Contents ;
---------------------
  1. Legal Notice
  2. Archive Project Summary
  3. Archive Project Messages
  4. Files Archived



----------------
; Legal Notice ;
----------------
Copyright (C) 2019  Intel Corporation. All rights reserved.
Your use of Intel Corporation's design tools, logic functions 
and other software and tools, and any partner logic 
functions, and any output files from any of the foregoing 
(including device programming or simulation files), and any 
associated documentation or information are expressly subject 
to the terms and conditions of the Intel Program License 
Subscription Agreement, the Intel Quartus Prime License Agreement,
the Intel FPGA IP License Agreement, or other applicable license
agreement, including, without limitation, that your use is for
the sole purpose of programming logic devices manufactured by
Intel and sold by Intel or its authorized distributors.  Please
refer to the applicable agreement for further details, at
https://fpgasoftware.intel.com/eula.



+----------------------------------------------------------------+
; Archive Project Summary                                        ;
+------------------------+---------------------------------------+
; Archive Project Status ; Successful - Fri Dec 15 18:27:08 2023 ;
; Revision Name          ; mealy                                 ;
; Top-level Entity Name  ; moore                                 ;
; Family                 ; Cyclone IV E                          ;
+------------------------+---------------------------------------+


+--------------------------+
; Archive Project Messages ;
+--------------------------+
Info: Archive will store files relative to the closest common parent directory
Info (13213): Using common directory C:/Users/viny_/OneDrive/Documents/UNIFESP/Laboratório de Circuitos Digitais/MAQUINA DE ESTADOS - verilog/
Info: ----------------------------------------------------------
Info: ----------------------------------------------------------
Info: Generated archive 'C:/Users/viny_/OneDrive/Documents/UNIFESP/Laboratório de Circuitos Digitais/MAQUINA DE ESTADOS - verilog/moore.qar'
Info: ----------------------------------------------------------
Info: ----------------------------------------------------------
Info: Generated report 'mealy.archive.rpt'
Info (23030): Evaluation of Tcl script c:/intelfpga_lite/19.1/quartus/common/tcl/apps/qpm/qar.tcl was successful
Info: Quartus Prime Shell was successful. 0 errors, 0 warnings
    Info: Peak virtual memory: 4819 megabytes
    Info: Processing ended: Fri Dec 15 18:27:08 2023
    Info: Elapsed time: 00:00:02
    Info: Total CPU time (on all processors): 00:00:02


+----------------+
; Files Archived ;
+----------------+
; File Name      ;
+----------------+
; divisor.v      ;
; moore.qpf      ;
; moore.v        ;
; verilog.qpf    ;
; verilog.v      ;
+----------------+


